<?xml version="1.0" encoding="UTF-8"?>
<!-- Generated by org.testng.reporters.JUnitReportReporter -->
<testsuite hostname="dell" name="week5.LoginExcelOpenTaps" tests="1" failures="0" timestamp="14 May 2016 21:42:55 GMT" time="34.953" errors="0">
  <testcase name="readExcel" time="34.953" classname="week5.LoginExcelOpenTaps"/>
</testsuite> <!-- week5.LoginExcelOpenTaps -->
