<?xml version="1.0" encoding="UTF-8"?>
<!-- Generated by org.testng.reporters.JUnitReportReporter -->
<testsuite hostname="dell" name="week5.AppendExcelHomeWork" tests="1" failures="0" timestamp="14 May 2016 15:30:06 GMT" time="1.094" errors="0">
  <testcase name="appendExistingReport" time="1.094" classname="week5.AppendExcelHomeWork"/>
</testsuite> <!-- week5.AppendExcelHomeWork -->
