<?xml version="1.0" encoding="UTF-8"?>
<!-- Generated by org.testng.reporters.JUnitReportReporter -->
<testsuite hostname="dell" name="week4.day1.OpenTapsEX" tests="3" failures="0" timestamp="7 May 2016 19:51:25 GMT" time="338.234" errors="0">
  <testcase name="createLead" time="140.750" classname="week4.day1.OpenTapsEX"/>
  <testcase name="contacts" time="36.640" classname="week4.day1.OpenTapsEX"/>
  <testcase name="findLead" time="160.844" classname="week4.day1.OpenTapsEX"/>
</testsuite> <!-- week4.day1.OpenTapsEX -->
