<?xml version="1.0" encoding="UTF-8"?>
<!-- Generated by org.testng.reporters.JUnitReportReporter -->
<testsuite hostname="dell" name="week4.Groups.PrashanthLifeCycle" tests="1" failures="0" timestamp="13 May 2016 17:13:11 GMT" time="0.000" errors="0">
  <testcase name="driverAndDeliver" time="0.000" classname="week4.Groups.PrashanthLifeCycle"/>
</testsuite> <!-- week4.Groups.PrashanthLifeCycle -->
