<?xml version="1.0" encoding="UTF-8"?>
<!-- Generated by org.testng.reporters.JUnitReportReporter -->
<testsuite hostname="dell" name="week4.Groups.SwatiLifeCycle" tests="2" failures="0" timestamp="13 May 2016 17:13:11 GMT" time="0.016" errors="0">
  <testcase name="cookAndServePizzas" time="0.016" classname="week4.Groups.SwatiLifeCycle"/>
  <testcase name="cookAndServeDoNuts" time="0.000" classname="week4.Groups.SwatiLifeCycle"/>
</testsuite> <!-- week4.Groups.SwatiLifeCycle -->
