<?xml version="1.0" encoding="UTF-8"?>
<!-- Generated by org.testng.reporters.JUnitReportReporter -->
<testsuite hostname="dell" name="week5.AmazonSearchExcel" tests="1" failures="0" timestamp="18 May 2016 07:23:12 GMT" time="44.391" errors="0">
  <testcase name="amazonSearchExcel" time="44.391" classname="week5.AmazonSearchExcel"/>
</testsuite> <!-- week5.AmazonSearchExcel -->
