<?xml version="1.0" encoding="UTF-8"?>
<!-- Generated by org.testng.reporters.JUnitReportReporter -->
<testsuite hostname="dell" name="week5.day2HW.Hw4ReadDatalogin" tests="1" failures="0" timestamp="19 May 2016 11:48:25 GMT" time="5.875" errors="0">
  <testcase name="Opentaps" time="5.875" classname="week5.day2HW.Hw4ReadDatalogin"/>
</testsuite> <!-- week5.day2HW.Hw4ReadDatalogin -->
