<?xml version="1.0" encoding="UTF-8"?>
<!-- Generated by org.testng.reporters.JUnitReportReporter -->
<testsuite hostname="dell" name="week4.day1.OpenTapsEX4" tests="1" failures="0" timestamp="7 May 2016 23:17:44 GMT" time="41.781" errors="0">
  <testcase name="contacts" time="41.781" classname="week4.day1.OpenTapsEX4"/>
</testsuite> <!-- week4.day1.OpenTapsEX4 -->
