<?xml version="1.0" encoding="UTF-8"?>
<!-- Generated by org.testng.reporters.JUnitReportReporter -->
<testsuite hostname="dell" name="week4.Day1Class.PrashanthLifeCycle" tests="1" failures="0" timestamp="8 May 2016 14:06:30 GMT" time="0.016" errors="0">
  <testcase name="driverAndDeliver" time="0.016" classname="week4.Day1Class.PrashanthLifeCycle"/>
</testsuite> <!-- week4.Day1Class.PrashanthLifeCycle -->
