<?xml version="1.0" encoding="UTF-8"?>
<!-- Generated by org.testng.reporters.JUnitReportReporter -->
<testsuite hostname="dell" name="week4.Day2Class.IrfanLifeCycle" tests="5" failures="0" timestamp="13 May 2016 13:08:30 GMT" time="0.048" errors="0">
  <testcase name="partyOrders" time="0.016" classname="week4.Day2Class.IrfanLifeCycle"/>
  <testcase name="partyOrders" time="0.000" classname="week4.Day2Class.IrfanLifeCycle"/>
  <testcase name="partyOrders" time="0.000" classname="week4.Day2Class.IrfanLifeCycle"/>
  <testcase name="partyOrders" time="0.016" classname="week4.Day2Class.IrfanLifeCycle"/>
  <testcase name="driverAndDeliver" time="0.016" classname="week4.Day2Class.IrfanLifeCycle"/>
</testsuite> <!-- week4.Day2Class.IrfanLifeCycle -->
