<?xml version="1.0" encoding="UTF-8"?>
<!-- Generated by org.testng.reporters.JUnitReportReporter -->
<testsuite hostname="dell" name="week4.Day2Class.ShaheenLifeCycle" tests="2" failures="0" timestamp="13 May 2016 13:08:30 GMT" time="0.016" errors="0">
  <testcase name="serveHalwa" time="0.016" classname="week4.Day2Class.ShaheenLifeCycle"/>
  <testcase name="serveBriyani" time="0.000" classname="week4.Day2Class.ShaheenLifeCycle"/>
</testsuite> <!-- week4.Day2Class.ShaheenLifeCycle -->
