<?xml version="1.0" encoding="UTF-8"?>
<!-- Generated by org.testng.reporters.JUnitReportReporter -->
<testsuite hostname="dell" name="week5.readAndWriteExcel" tests="2" failures="0" timestamp="14 May 2016 15:29:22 GMT" time="1.265" errors="0">
  <testcase name="writeExcel" time="0.328" classname="week5.readAndWriteExcel"/>
  <testcase name="readExcel" time="0.937" classname="week5.readAndWriteExcel"/>
</testsuite> <!-- week5.readAndWriteExcel -->
