<?xml version="1.0" encoding="UTF-8"?>
<!-- Generated by org.testng.reporters.JUnitReportReporter -->
<testsuite hostname="dell" name="week4.Day1Class.SwatiLifeCycle" tests="2" failures="0" timestamp="8 May 2016 14:06:30 GMT" time="0.031" errors="0">
  <testcase name="cookAndServePizzas" time="0.016" classname="week4.Day1Class.SwatiLifeCycle"/>
  <testcase name="cookAndServeDoNuts" time="0.015" classname="week4.Day1Class.SwatiLifeCycle"/>
</testsuite> <!-- week4.Day1Class.SwatiLifeCycle -->
