<?xml version="1.0" encoding="UTF-8"?>
<!-- Generated by org.testng.reporters.JUnitReportReporter -->
<testsuite hostname="dell" name="week4.Homework.CreateLead" tests="1" failures="0" timestamp="13 May 2016 23:15:10 GMT" time="44.390" errors="0">
  <testcase name="fillform" time="44.390" classname="week4.Homework.CreateLead"/>
</testsuite> <!-- week4.Homework.CreateLead -->
