<?xml version="1.0" encoding="UTF-8"?>
<!-- Generated by org.testng.reporters.JUnitReportReporter -->
<testsuite hostname="dell" name="week4.day2.Lead" tests="1" failures="0" timestamp="12 May 2016 14:29:15 GMT" time="12.563" errors="0">
  <testcase name="launchBrowser" time="12.563" classname="week4.day2.Lead"/>
</testsuite> <!-- week4.day2.Lead -->
